<?xml version="1.0" encoding="UTF-8"?>
<!-- Generated by org.testng.reporters.JUnitXMLReporter -->
<testsuite ignored="0" hostname="DESKTOP-K5HF3LH" failures="0" tests="5" name="Default test" time="6.924" errors="0" timestamp="2023-06-22T21:57:03 IST">
  <testcase classname="fleetwally.wally.ForgetPasswordValidation" name="launch" time="0.155"/>
  <testcase classname="fleetwally.wally.ForgetPasswordValidation" name="test_1" time="0.217"/>
  <testcase classname="fleetwally.wally.ForgetPasswordValidation" name="test_2" time="1.852"/>
  <testcase classname="fleetwally.wally.ForgetPasswordValidation" name="test_3" time="4.318"/>
  <testcase classname="fleetwally.wally.ForgetPasswordValidation" name="test_4" time="0.292"/>
</testsuite> <!-- Default test -->
