<?xml version="1.0" encoding="UTF-8"?>
<testng-results ignored="0" total="5" passed="5" failed="0" skipped="0">
  <reporter-output>
  </reporter-output>
  <suite started-at="2023-06-22T21:56:56 IST" name="Default suite" finished-at="2023-06-22T21:57:03 IST" duration-ms="6924">
    <groups>
    </groups>
    <test started-at="2023-06-22T21:56:56 IST" name="Default test" finished-at="2023-06-22T21:57:03 IST" duration-ms="6924">
      <class name="fleetwally.wally.ForgetPasswordValidation">
        <test-method is-config="true" signature="initializeDriver()[pri:0, instance:fleetwally.wally.ForgetPasswordValidation@2dc54ad4]" started-at="2023-06-22T21:56:50 IST" name="initializeDriver" finished-at="2023-06-22T21:56:56 IST" duration-ms="6239" status="PASS">
          <reporter-output>
          </reporter-output>
        </test-method> <!-- initializeDriver -->
        <test-method is-config="true" signature="createobject()[pri:0, instance:fleetwally.wally.ForgetPasswordValidation@2dc54ad4]" started-at="2023-06-22T21:56:56 IST" name="createobject" finished-at="2023-06-22T21:56:56 IST" duration-ms="30" status="PASS">
          <reporter-output>
          </reporter-output>
        </test-method> <!-- createobject -->
        <test-method signature="launch()[pri:0, instance:fleetwally.wally.ForgetPasswordValidation@2dc54ad4]" started-at="2023-06-22T21:56:56 IST" name="launch" finished-at="2023-06-22T21:56:56 IST" duration-ms="155" status="PASS">
          <reporter-output>
          </reporter-output>
        </test-method> <!-- launch -->
        <test-method signature="test_1()[pri:1, instance:fleetwally.wally.ForgetPasswordValidation@2dc54ad4]" started-at="2023-06-22T21:56:56 IST" name="test_1" finished-at="2023-06-22T21:56:57 IST" duration-ms="217" status="PASS">
          <reporter-output>
          </reporter-output>
        </test-method> <!-- test_1 -->
        <test-method signature="test_2()[pri:2, instance:fleetwally.wally.ForgetPasswordValidation@2dc54ad4]" started-at="2023-06-22T21:56:57 IST" name="test_2" finished-at="2023-06-22T21:56:58 IST" duration-ms="1852" status="PASS">
          <reporter-output>
          </reporter-output>
        </test-method> <!-- test_2 -->
        <test-method signature="test_3()[pri:3, instance:fleetwally.wally.ForgetPasswordValidation@2dc54ad4]" started-at="2023-06-22T21:56:58 IST" name="test_3" finished-at="2023-06-22T21:57:03 IST" duration-ms="4318" status="PASS">
          <reporter-output>
          </reporter-output>
        </test-method> <!-- test_3 -->
        <test-method signature="test_4()[pri:4, instance:fleetwally.wally.ForgetPasswordValidation@2dc54ad4]" started-at="2023-06-22T21:57:03 IST" name="test_4" finished-at="2023-06-22T21:57:03 IST" duration-ms="292" status="PASS">
          <reporter-output>
          </reporter-output>
        </test-method> <!-- test_4 -->
        <test-method is-config="true" signature="closeBrowser()[pri:0, instance:fleetwally.wally.ForgetPasswordValidation@2dc54ad4]" started-at="2023-06-22T21:57:03 IST" name="closeBrowser" finished-at="2023-06-22T21:57:03 IST" duration-ms="268" status="PASS">
          <reporter-output>
          </reporter-output>
        </test-method> <!-- closeBrowser -->
      </class> <!-- fleetwally.wally.ForgetPasswordValidation -->
    </test> <!-- Default test -->
  </suite> <!-- Default suite -->
</testng-results>
